[2023-07-12 17:50:20.112] Send: AA 55 01 03 00 01 40 0D 0A
[2023-07-12 17:50:20.112] Recv: AA 55 01 02 0C 00 00 00 00 00 00 00 00 00 00 00 00 B9 0F 0D 0A
[2023-07-12 17:50:20.190] Send: AA 55 01 04 00 03 70 0D 0A
[2023-07-12 17:50:20.190] Recv: AA 55 01 03 15 38 06 38 01 00 38 38 38 38 38 38 00 00 00 00 00 00 00 00 00 00 6A 17 0D 0A
[2023-07-12 17:50:20.268] Send: AA 55 01 05 00 02 E0 0D 0A
[2023-07-12 17:50:20.268] Recv: AA 55 01 04 48 0D 34 0F 0D 30 04 00 04 0D 31 0D 31 0D 31 0D 30 0D 31 0D 31 0D 31 0D 31 0D 33 0D 32 0D 32 0D 33 0D 33 0D 33 0D 34 0D 32 00 00 00 00 00 00 00 00 00 00 00 00 00 00 00 00 00 00 00 00 00 00 00 00 00 00 00 00 00 00 00 00 4F 63 0D 0A
[2023-07-12 17:50:20.331] Send: AA 55 01 01 00 00 20 0D 0A
[2023-07-12 17:50:20.331] Recv: AA 55 01 05 40 00 00 00 00 00 00 00 00 00 00 00 00 00 00 00 00 00 00 00 00 00 00 00 00 00 00 00 00 00 00 00 00 00 00 00 00 00 00 00 00 00 00 00 00 00 00 00 00 00 00 00 00 00 00 00 00 00 00 00 00 00 00 00 00 51 95 0D 0A
[2023-07-12 17:50:20.409] Send: AA 55 01 02 00 00 D0 0D 0A
[2023-07-12 17:50:20.409] Recv: AA 55 01 01 3D 00 00 03 AB 03 E8 39 3C 00 00 05 00 01 90 03 E8 00 00 0F 02 1C 0B FD 03 AB 03 03 F2 06 10 4C 56 45 53 53 30 32 32 33 35 32 36 4E 30 33 00 4C 56 45 53 53 30 32 5F 56 31 20 20 20 20 01 89 4E 0D 0A
[2023-07-12 17:50:20.475] Send: AA 55 01 03 00 01 40 0D 0A
[2023-07-12 17:50:20.476] Recv: AA 55 01 02 0C 00 00 00 00 00 00 00 00 00 00 00 00 B9 0F 0D 0A
[2023-07-12 17:50:20.534] Send: AA 55 01 04 00 03 70 0D 0A
[2023-07-12 17:50:20.534] Recv: AA 55 01 03 15 38 06 38 01 00 38 38 38 38 38 38 00 00 00 00 00 00 00 00 00 00 6A 17 0D 0A
[2023-07-12 17:50:20.612] Send: AA 55 01 05 00 02 E0 0D 0A
[2023-07-12 17:50:20.612] Recv: AA 55 01 04 48 0D 34 0F 0D 30 04 00 04 0D 31 0D 31 0D 31 0D 31 0D 31 0D 31 0D 31 0D 31 0D 33 0D 33 0D 32 0D 32 0D 33 0D 33 0D 34 0D 33 00 00 00 00 00 00 00 00 00 00 00 00 00 00 00 00 00 00 00 00 00 00 00 00 00 00 00 00 00 00 00 00 8B 0D 0D 0A
[2023-07-12 17:50:20.674] Send: AA 55 01 01 00 00 20 0D 0A
[2023-07-12 17:50:20.674] Recv: AA 55 01 05 40 00 00 00 00 00 00 00 00 00 00 00 00 00 00 00 00 00 00 00 00 00 00 00 00 00 00 00 00 00 00 00 00 00 00 00 00 00 00 00 00 00 00 00 00 00 00 00 00 00 00 00 00 00 00 00 00 00 00 00 00 00 00 00 00 51 95 0D 0A
[2023-07-12 17:50:20.752] Send: AA 55 01 02 00 00 D0 0D 0A
[2023-07-12 17:50:20.752] Recv: AA 55 01 01 3D 00 00 03 AB 03 E8 39 3C 00 00 05 00 01 90 03 E8 00 00 0F 02 1C 0B FC 03 AB 03 03 F3 06 10 4C 56 45 53 53 30 32 32 33 35 32 36 4E 30 33 00 4C 56 45 53 53 30 32 5F 56 31 20 20 20 20 01 80 0F 0D 0A
[2023-07-12 17:50:20.831] Send: AA 55 01 03 00 01 40 0D 0A
[2023-07-12 17:50:20.862] Recv: AA 55 01 02 0C 00 00 00 00 00 00 00 00 00 00 00 00 B9 0F 0D 0A
[2023-07-12 17:50:20.909] Send: AA 55 01 04 00 03 70 0D 0A
[2023-07-12 17:50:20.909] Recv: AA 55 01 03 15 38 06 38 01 00 38 38 38 38 38 38 00 00 00 00 00 00 00 00 00 00 6A 17 0D 0A
[2023-07-12 17:50:20.982] Send: AA 55 01 05 00 02 E0 0D 0A
[2023-07-12 17:50:20.982] Recv: AA 55 01 04 48 0D 34 0F 0D 31 01 00 03 0D 31 0D 31 0D 31 0D 31 0D 31 0D 31 0D 31 0D 31 0D 33 0D 33 0D 32 0D 32 0D 33 0D 33 0D 34 0D 33 00 00 00 00 00 00 00 00 00 00 00 00 00 00 00 00 00 00 00 00 00 00 00 00 00 00 00 00 00 00 00 00 60 3E 0D 0A
[2023-07-12 17:50:21.034] Send: AA 55 01 01 00 00 20 0D 0A
[2023-07-12 17:50:21.034] Recv: AA 55 01 05 40 00 00 00 00 00 00 00 00 00 00 00 00 00 00 00 00 00 00 00 00 00 00 00 00 00 00 00 00 00 00 00 00 00 00 00 00 00 00 00 00 00 00 00 00 00 00 00 00 00 00 00 00 00 00 00 00 00 00 00 00 00 00 00 00 51 95 0D 0A
[2023-07-12 17:50:21.112] Send: AA 55 01 02 00 00 D0 0D 0A
[2023-07-12 17:50:21.112] Recv: AA 55 01 01 3D 00 00 03 AB 03 E8 39 3C 00 00 05 00 01 90 03 E8 00 00 0F 02 1C 0B FD 03 AB 03 03 F4 06 10 4C 56 45 53 53 30 32 32 33 35 32 36 4E 30 33 00 4C 56 45 53 53 30 32 5F 56 31 20 20 20 20 01 89 A0 0D 0A
[2023-07-12 17:50:21.190] Send: AA 55 01 03 00 01 40 0D 0A
[2023-07-12 17:50:21.190] Recv: AA 55 01 02 0C 00 00 00 00 00 00 00 00 00 00 00 00 B9 0F 0D 0A
[2023-07-12 17:50:21.268] Send: AA 55 01 04 00 03 70 0D 0A
[2023-07-12 17:50:21.268] Recv: AA 55 01 03 15 38 06 38 01 00 38 38 38 38 38 38 00 00 00 00 00 00 00 00 00 00 6A 17 0D 0A
[2023-07-12 17:50:21.347] Send: AA 55 01 05 00 02 E0 0D 0A
[2023-07-12 17:50:21.347] Recv: AA 55 01 04 48 0D 34 0F 0D 30 03 00 04 0D 31 0D 31 0D 30 0D 31 0D 31 0D 31 0D 31 0D 31 0D 32 0D 33 0D 32 0D 32 0D 33 0D 33 0D 34 0D 33 00 00 00 00 00 00 00 00 00 00 00 00 00 00 00 00 00 00 00 00 00 00 00 00 00 00 00 00 00 00 00 00 DB D4 0D 0A
[2023-07-12 17:50:21.409] Send: AA 55 01 01 00 00 20 0D 0A
[2023-07-12 17:50:21.409] Recv: AA 55 01 05 40 00 00 00 00 00 00 00 00 00 00 00 00 00 00 00 00 00 00 00 00 00 00 00 00 00 00 00 00 00 00 00 00 00 00 00 00 00 00 00 00 00 00 00 00 00 00 00 00 00 00 00 00 00 00 00 00 00 00 00 00 00 00 00 00 51 95 0D 0A
[2023-07-12 17:50:21.487] Send: AA 55 01 02 00 00 D0 0D 0A
[2023-07-12 17:50:21.487] Recv: AA 55 01 01 3D 00 00 03 AB 03 E8 39 3C 00 00 05 00 01 90 03 E8 00 00 0F 02 1C 0B FD 03 AB 03 03 F5 06 10 4C 56 45 53 53 30 32 32 33 35 32 36 4E 30 33 00 4C 56 45 53 53 30 32 5F 56 31 20 20 20 20 01 88 4D 0D 0A
[2023-07-12 17:50:21.565] Send: AA 55 01 03 00 01 40 0D 0A
[2023-07-12 17:50:21.565] Recv: AA 55 01 02 0C 00 00 00 00 00 00 00 00 00 00 00 00 B9 0F 0D 0A
[2023-07-12 17:50:21.643] Send: AA 55 01 04 00 03 70 0D 0A
[2023-07-12 17:50:21.643] Recv: AA 55 01 03 15 38 06 38 01 00 38 38 38 38 38 38 00 00 00 00 00 00 00 00 00 00 6A 17 0D 0A
[2023-07-12 17:50:21.721] Send: AA 55 01 05 00 02 E0 0D 0A
[2023-07-12 17:50:21.721] Recv: AA 55 01 04 48 0D 34 0F 0D 31 01 00 03 0D 31 0D 31 0D 31 0D 31 0D 31 0D 31 0D 31 0D 31 0D 33 0D 33 0D 32 0D 32 0D 33 0D 33 0D 34 0D 32 00 00 00 00 00 00 00 00 00 00 00 00 00 00 00 00 00 00 00 00 00 00 00 00 00 00 00 00 00 00 00 00 0D FE 0D 0A
[2023-07-12 17:50:21.784] Send: AA 55 01 01 00 00 20 0D 0A
[2023-07-12 17:50:21.784] Recv: AA 55 01 05 40 00 00 00 00 00 00 00 00 00 00 00 00 00 00 00 00 00 00 00 00 00 00 00 00 00 00 00 00 00 00 00 00 00 00 00 00 00 00 00 00 00 00 00 00 00 00 00 00 00 00 00 00 00 00 00 00 00 00 00 00 00 00 00 00 51 95 0D 0A
[2023-07-12 17:50:21.862] Send: AA 55 01 02 00 00 D0 0D 0A
[2023-07-12 17:50:21.862] Recv: AA 55 01 01 3D 00 00 03 AB 03 E8 39 3C 00 00 05 00 01 90 03 E8 00 00 0F 02 1C 0B FE 03 AB 03 03 F6 06 10 4C 56 45 53 53 30 32 32 33 35 32 36 4E 30 33 00 4C 56 45 53 53 30 32 5F 56 31 20 20 20 20 01 93 8E 0D 0A
[2023-07-12 17:50:21.940] Send: AA 55 01 03 00 01 40 0D 0A
[2023-07-12 17:50:21.945] Recv: AA 55 01 02 0C 00 00 00 00 00 00 00 00 00 00 00 00 B9 0F 0D 0A
[2023-07-12 17:50:22.003] Send: AA 55 01 04 00 03 70 0D 0A
[2023-07-12 17:50:22.003] Recv: AA 55 01 03 15 38 06 38 01 00 38 38 38 38 38 38 00 00 00 00 00 00 00 00 00 00 6A 17 0D 0A
[2023-07-12 17:50:22.081] Send: AA 55 01 05 00 02 E0 0D 0A
[2023-07-12 17:50:22.081] Recv: AA 55 01 04 48 0D 34 0F 0D 31 01 00 03 0D 31 0D 31 0D 31 0D 31 0D 31 0D 31 0D 31 0D 31 0D 33 0D 33 0D 32 0D 32 0D 33 0D 33 0D 34 0D 32 00 00 00 00 00 00 00 00 00 00 00 00 00 00 00 00 00 00 00 00 00 00 00 00 00 00 00 00 00 00 00 00 0D FE 0D 0A
[2023-07-12 17:50:22.143] Send: AA 55 01 01 00 00 20 0D 0A
[2023-07-12 17:50:22.143] Recv: AA 55 01 05 40 00 00 00 00 00 00 00 00 00 00 00 00 00 00 00 00 00 00 00 00 00 00 00 00 00 00 00 00 00 00 00 00 00 00 00 00 00 00 00 00 00 00 00 00 00 00 00 00 00 00 00 00 00 00 00 00 00 00 00 00 00 00 00 00 51 95 0D 0A
[2023-07-12 17:50:22.222] Send: AA 55 01 02 00 00 D0 0D 0A
[2023-07-12 17:50:22.222] Recv: AA 55 01 01 3D 00 00 03 AB 03 E8 39 3C 00 00 05 00 01 90 03 E8 00 00 0F 02 1C 0B FD 03 AB 03 03 F7 06 10 4C 56 45 53 53 30 32 32 33 35 32 36 4E 30 33 00 4C 56 45 53 53 30 32 5F 56 31 20 20 20 20 01 89 D7 0D 0A
[2023-07-12 17:50:22.299] Send: AA 55 01 03 00 01 40 0D 0A
[2023-07-12 17:50:22.299] Recv: AA 55 01 02 0C 00 00 00 00 00 00 00 00 00 00 00 00 B9 0F 0D 0A
[2023-07-12 17:50:22.377] Send: AA 55 01 04 00 03 70 0D 0A
[2023-07-12 17:50:22.377] Recv: AA 55 01 03 15 38 06 38 01 00 38 38 38 38 38 38 00 00 00 00 00 00 00 00 00 00 6A 17 0D 0A
[2023-07-12 17:50:22.451] Send: AA 55 01 05 00 02 E0 0D 0A
[2023-07-12 17:50:22.451] Recv: AA 55 01 04 48 0D 34 0F 0D 30 08 00 04 0D 31 0D 31 0D 31 0D 31 0D 31 0D 31 0D 31 0D 30 0D 33 0D 33 0D 32 0D 33 0D 33 0D 33 0D 34 0D 32 00 00 00 00 00 00 00 00 00 00 00 00 00 00 00 00 00 00 00 00 00 00 00 00 00 00 00 00 00 00 00 00 3E CD 0D 0A
[2023-07-12 17:50:22.519] Send: AA 55 01 01 00 00 20 0D 0A
[2023-07-12 17:50:22.519] Recv: AA 55 01 05 40 00 00 00 00 00 00 00 00 00 00 00 00 00 00 00 00 00 00 00 00 00 00 00 00 00 00 00 00 00 00 00 00 00 00 00 00 00 00 00 00 00 00 00 00 00 00 00 00 00 00 00 00 00 00 00 00 00 00 00 00 00 00 00 00 51 95 0D 0A
[2023-07-12 17:50:22.597] Send: AA 55 01 02 00 00 D0 0D 0A
[2023-07-12 17:50:22.597] Recv: AA 55 01 01 3D 00 00 03 AB 03 E8 39 3C 00 00 05 00 01 90 03 E8 00 00 0F 02 1C 0B FD 03 AB 03 03 F8 06 10 4C 56 45 53 53 30 32 32 33 35 32 36 4E 30 33 00 4C 56 45 53 53 30 32 5F 56 31 20 20 20 20 01 8A 3C 0D 0A
[2023-07-12 17:50:22.674] Send: AA 55 01 03 00 01 40 0D 0A
[2023-07-12 17:50:22.674] Recv: AA 55 01 02 0C 00 00 00 00 00 00 00 00 00 00 00 00 B9 0F 0D 0A
[2023-07-12 17:50:22.752] Send: AA 55 01 04 00 03 70 0D 0A
[2023-07-12 17:50:22.752] Recv: AA 55 01 03 15 38 06 38 01 00 38 38 38 38 38 38 00 00 00 00 00 00 00 00 00 00 6A 17 0D 0A
[2023-07-12 17:50:22.957] Recv: AA 55 01 04 48 0D 34 0F 0D 30 08 00 04 0D 31 0D 31 0D 31 0D 31 0D 31 0D 31 0D 31 0D 30 0D 33 0D 33 0D 32 0D 32 0D 33 0D 33 0D 34 0D 32 00 00 00 00 00 00 00 00 00 00 00 00 00 00 00 00 00 00 00 00 00 00 00 00 00 00 00 00 00 00 00 00 39 70 0D 0A